TN:
SF:src\App.jsx
FN:4,App
FNF:1
FNH:1
FNDA:1,App
DA:5,1
LF:1
LH:1
BRF:0
BRH:0
end_of_record
TN:
SF:src\components\CommandPalette.jsx
FN:3,CommandPalette
FN:5,(anonymous_1)
FN:6,(anonymous_2)
FN:8,onKey
FN:10,(anonymous_4)
FN:12,(anonymous_5)
FN:15,(anonymous_6)
FN:15,(anonymous_7)
FN:22,(anonymous_8)
FN:22,(anonymous_9)
FN:26,(anonymous_10)
FN:32,(anonymous_11)
FN:33,(anonymous_12)
FNF:13
FNH:4
FNDA:1,CommandPalette
FNDA:1,(anonymous_1)
FNDA:1,(anonymous_2)
FNDA:0,onKey
FNDA:0,(anonymous_4)
FNDA:1,(anonymous_5)
FNDA:0,(anonymous_6)
FNDA:0,(anonymous_7)
FNDA:0,(anonymous_8)
FNDA:0,(anonymous_9)
FNDA:0,(anonymous_10)
FNDA:0,(anonymous_11)
FNDA:0,(anonymous_12)
DA:4,1
DA:5,1
DA:6,1
DA:7,1
DA:8,0
DA:9,0
DA:10,0
DA:12,1
DA:13,1
DA:14,0
DA:15,0
DA:17,1
DA:18,0
DA:22,0
DA:23,0
DA:24,0
DA:25,0
DA:26,0
DA:28,0
DA:33,0
LF:20
LH:7
BRDA:5,0,0,0
BRDA:5,0,1,1
BRDA:7,1,0,1
BRDA:7,1,1,0
BRDA:8,2,0,0
BRDA:8,2,1,0
BRDA:13,3,0,1
BRDA:13,3,1,0
BRDA:15,4,0,0
BRDA:15,4,1,0
BRDA:17,5,0,1
BRDA:17,5,1,0
BRDA:23,6,0,0
BRDA:23,6,1,0
BRDA:25,7,0,0
BRDA:25,7,1,0
BRDA:26,8,0,0
BRDA:26,8,1,0
BRDA:28,9,0,0
BRDA:28,9,1,0
BRDA:35,10,0,0
BRDA:35,10,1,0
BRF:22
BRH:4
end_of_record
TN:
SF:src\components\ErrorBoundary.jsx
FN:4,constructor
FN:9,getDerivedStateFromError
FN:13,componentDidCatch
FN:17,render
FN:23,(anonymous_4)
FN:29,(anonymous_5)
FN:33,(anonymous_6)
FN:34,(anonymous_7)
FNF:8
FNH:3
FNDA:1,constructor
FNDA:1,getDerivedStateFromError
FNDA:0,componentDidCatch
FNDA:1,render
FNDA:0,(anonymous_4)
FNDA:0,(anonymous_5)
FNDA:0,(anonymous_6)
FNDA:0,(anonymous_7)
DA:5,1
DA:6,1
DA:10,0
DA:14,0
DA:18,1
DA:19,0
DA:23,0
DA:30,0
DA:31,0
DA:32,0
DA:33,0
DA:34,0
DA:36,0
DA:44,1
LF:14
LH:4
BRDA:18,0,0,0
BRDA:18,0,1,1
BRDA:30,1,0,0
BRDA:30,1,1,0
BRF:4
BRH:1
end_of_record
TN:
SF:src\components\Icons.jsx
FN:9,Svg
FN:17,(anonymous_1)
FN:24,(anonymous_2)
FN:30,(anonymous_3)
FN:37,(anonymous_4)
FN:43,(anonymous_5)
FN:51,(anonymous_6)
FN:58,(anonymous_7)
FN:67,(anonymous_8)
FN:73,(anonymous_9)
FN:79,(anonymous_10)
FN:90,(anonymous_11)
FN:97,(anonymous_12)
FN:106,(anonymous_13)
FN:112,(anonymous_14)
FN:120,(anonymous_15)
FN:127,(anonymous_16)
FN:134,(anonymous_17)
FN:143,(anonymous_18)
FN:151,(anonymous_19)
FN:157,(anonymous_20)
FN:168,(anonymous_21)
FN:175,(anonymous_22)
FNF:23
FNH:14
FNDA:17,Svg
FNDA:1,(anonymous_1)
FNDA:1,(anonymous_2)
FNDA:1,(anonymous_3)
FNDA:0,(anonymous_4)
FNDA:3,(anonymous_5)
FNDA:1,(anonymous_6)
FNDA:1,(anonymous_7)
FNDA:1,(anonymous_8)
FNDA:2,(anonymous_9)
FNDA:1,(anonymous_10)
FNDA:1,(anonymous_11)
FNDA:1,(anonymous_12)
FNDA:1,(anonymous_13)
FNDA:0,(anonymous_14)
FNDA:0,(anonymous_15)
FNDA:2,(anonymous_16)
FNDA:0,(anonymous_17)
FNDA:0,(anonymous_18)
FNDA:0,(anonymous_19)
FNDA:0,(anonymous_20)
FNDA:0,(anonymous_21)
FNDA:0,(anonymous_22)
DA:1,1
DA:10,17
DA:17,1
DA:18,1
DA:24,1
DA:25,1
DA:30,1
DA:31,1
DA:37,1
DA:38,0
DA:43,1
DA:44,3
DA:51,1
DA:52,1
DA:58,1
DA:59,1
DA:67,1
DA:68,1
DA:73,1
DA:74,2
DA:79,1
DA:80,1
DA:90,1
DA:91,1
DA:97,1
DA:98,1
DA:106,1
DA:107,1
DA:112,1
DA:113,0
DA:120,1
DA:121,0
DA:127,1
DA:128,2
DA:134,1
DA:135,0
DA:143,1
DA:144,0
DA:151,1
DA:152,0
DA:157,1
DA:158,0
DA:168,1
DA:169,0
DA:175,1
DA:176,0
LF:46
LH:37
BRDA:9,0,0,17
BRDA:151,1,0,0
BRF:2
BRH:1
end_of_record
TN:
SF:src\components\ListView.jsx
FN:7,ListView
FN:14,handleDragEnd
FN:18,(anonymous_2)
FN:37,(anonymous_3)
FN:39,(anonymous_4)
FN:45,(anonymous_5)
FN:47,(anonymous_6)
FNF:7
FNH:1
FNDA:1,ListView
FNDA:0,handleDragEnd
FNDA:0,(anonymous_2)
FNDA:0,(anonymous_3)
FNDA:0,(anonymous_4)
FNDA:0,(anonymous_5)
FNDA:0,(anonymous_6)
DA:8,1
DA:15,0
DA:16,0
DA:17,0
DA:18,0
DA:19,0
DA:20,0
DA:21,0
DA:22,0
DA:23,0
DA:26,1
DA:27,1
DA:35,0
DA:37,0
DA:40,0
DA:45,0
DA:47,0
LF:17
LH:3
BRDA:7,0,0,1
BRDA:15,1,0,0
BRDA:15,1,1,0
BRDA:17,2,0,0
BRDA:17,2,1,0
BRDA:17,3,0,0
BRDA:17,3,1,0
BRDA:21,4,0,0
BRDA:21,4,1,0
BRDA:21,5,0,0
BRDA:21,5,1,0
BRDA:26,6,0,1
BRDA:26,6,1,0
BRF:13
BRH:2
end_of_record
TN:
SF:src\components\Sidebar.jsx
FN:13,Sidebar
FN:26,addProject
FN:41,(anonymous_2)
FN:46,(anonymous_3)
FN:62,(anonymous_4)
FN:70,(anonymous_5)
FN:77,(anonymous_6)
FN:91,(anonymous_7)
FN:105,(anonymous_8)
FN:111,(anonymous_9)
FN:120,(anonymous_10)
FNF:11
FNH:3
FNDA:1,Sidebar
FNDA:0,addProject
FNDA:5,(anonymous_2)
FNDA:0,(anonymous_3)
FNDA:0,(anonymous_4)
FNDA:1,(anonymous_5)
FNDA:0,(anonymous_6)
FNDA:0,(anonymous_7)
FNDA:0,(anonymous_8)
FNDA:0,(anonymous_9)
FNDA:0,(anonymous_10)
DA:6,1
DA:24,1
DA:27,0
DA:28,0
DA:29,0
DA:30,0
DA:33,1
DA:42,5
DA:46,0
DA:62,0
DA:71,1
DA:72,1
DA:77,0
DA:91,0
DA:106,0
DA:111,0
DA:120,0
LF:17
LH:6
BRDA:28,0,0,0
BRDA:28,0,1,0
BRDA:34,1,0,0
BRDA:34,1,1,1
BRDA:45,2,0,1
BRDA:45,2,1,4
BRDA:45,3,0,5
BRDA:45,3,1,1
BRDA:45,3,2,1
BRDA:71,4,0,1
BRDA:71,4,1,0
BRDA:73,5,0,0
BRDA:73,5,1,1
BRDA:76,6,0,0
BRDA:76,6,1,1
BRDA:80,7,0,1
BRDA:80,7,1,0
BRDA:83,8,0,1
BRDA:83,8,1,1
BRDA:85,9,0,1
BRDA:85,9,1,0
BRDA:101,10,0,1
BRDA:101,10,1,0
BRDA:107,11,0,0
BRDA:107,11,1,0
BRDA:110,12,0,0
BRDA:110,12,1,0
BRF:27
BRH:14
end_of_record
TN:
SF:src\components\TaskDetail.jsx
FN:10,TaskDetail
FN:19,(anonymous_1)
FN:24,(anonymous_2)
FN:33,(anonymous_3)
FN:45,(anonymous_4)
FN:47,patchTitle
FN:50,(anonymous_6)
FN:52,(anonymous_7)
FN:63,(anonymous_8)
FN:65,(anonymous_9)
FN:67,(anonymous_10)
FN:69,applyNaturalDate
FN:80,addTag
FN:90,handlePaste
FN:93,(anonymous_14)
FN:101,(anonymous_15)
FN:102,(anonymous_16)
FN:112,exportMd
FN:122,(anonymous_18)
FN:126,(anonymous_19)
FN:139,(anonymous_20)
FN:140,(anonymous_21)
FN:146,(anonymous_22)
FN:146,(anonymous_23)
FN:147,(anonymous_24)
FN:154,(anonymous_25)
FN:155,(anonymous_26)
FN:162,(anonymous_27)
FN:163,(anonymous_28)
FN:175,(anonymous_29)
FN:177,(anonymous_30)
FN:184,(anonymous_31)
FN:190,(anonymous_32)
FN:200,(anonymous_33)
FN:201,(anonymous_34)
FN:201,(anonymous_35)
FN:212,(anonymous_36)
FN:213,(anonymous_37)
FN:227,(anonymous_38)
FN:229,(anonymous_39)
FN:231,(anonymous_40)
FN:235,(anonymous_41)
FN:236,(anonymous_42)
FN:244,(anonymous_43)
FN:245,(anonymous_44)
FN:254,(anonymous_45)
FN:254,(anonymous_46)
FN:270,(anonymous_47)
FN:272,(anonymous_48)
FNF:49
FNH:6
FNDA:1,TaskDetail
FNDA:1,(anonymous_1)
FNDA:1,(anonymous_2)
FNDA:1,(anonymous_3)
FNDA:1,(anonymous_4)
FNDA:0,patchTitle
FNDA:0,(anonymous_6)
FNDA:2,(anonymous_7)
FNDA:0,(anonymous_8)
FNDA:0,(anonymous_9)
FNDA:0,(anonymous_10)
FNDA:0,applyNaturalDate
FNDA:0,addTag
FNDA:0,handlePaste
FNDA:0,(anonymous_14)
FNDA:0,(anonymous_15)
FNDA:0,(anonymous_16)
FNDA:0,exportMd
FNDA:0,(anonymous_18)
FNDA:0,(anonymous_19)
FNDA:0,(anonymous_20)
FNDA:0,(anonymous_21)
FNDA:0,(anonymous_22)
FNDA:0,(anonymous_23)
FNDA:0,(anonymous_24)
FNDA:0,(anonymous_25)
FNDA:0,(anonymous_26)
FNDA:0,(anonymous_27)
FNDA:0,(anonymous_28)
FNDA:0,(anonymous_29)
FNDA:0,(anonymous_30)
FNDA:0,(anonymous_31)
FNDA:0,(anonymous_32)
FNDA:0,(anonymous_33)
FNDA:0,(anonymous_34)
FNDA:0,(anonymous_35)
FNDA:0,(anonymous_36)
FNDA:0,(anonymous_37)
FNDA:0,(anonymous_38)
FNDA:0,(anonymous_39)
FNDA:0,(anonymous_40)
FNDA:0,(anonymous_41)
FNDA:0,(anonymous_42)
FNDA:0,(anonymous_43)
FNDA:0,(anonymous_44)
FNDA:0,(anonymous_45)
FNDA:0,(anonymous_46)
FNDA:0,(anonymous_47)
FNDA:0,(anonymous_48)
DA:8,1
DA:11,1
DA:12,1
DA:13,1
DA:14,1
DA:15,1
DA:16,1
DA:17,1
DA:19,1
DA:20,1
DA:21,1
DA:24,1
DA:25,1
DA:26,1
DA:27,0
DA:28,1
DA:29,0
DA:30,0
DA:33,1
DA:34,1
DA:35,1
DA:36,1
DA:37,0
DA:38,1
DA:39,0
DA:40,0
DA:44,1
DA:45,1
DA:46,1
DA:48,0
DA:49,0
DA:50,0
DA:52,1
DA:54,1
DA:55,1
DA:63,0
DA:64,0
DA:65,1
DA:66,1
DA:67,1
DA:70,0
DA:71,0
DA:72,0
DA:73,0
DA:74,0
DA:76,0
DA:81,0
DA:82,0
DA:83,0
DA:84,0
DA:85,0
DA:86,0
DA:87,0
DA:91,0
DA:92,0
DA:93,0
DA:94,0
DA:95,0
DA:96,0
DA:97,0
DA:98,0
DA:100,0
DA:101,0
DA:102,0
DA:103,0
DA:104,0
DA:105,0
DA:106,0
DA:107,0
DA:109,0
DA:113,0
DA:114,0
DA:115,0
DA:116,0
DA:117,0
DA:118,0
DA:119,0
DA:120,0
DA:121,0
DA:122,0
DA:123,0
DA:126,1
DA:127,1
DA:129,1
DA:139,0
DA:140,0
DA:146,0
DA:148,0
DA:154,0
DA:156,0
DA:162,0
DA:164,0
DA:175,0
DA:177,0
DA:184,0
DA:190,0
DA:201,0
DA:212,0
DA:213,0
DA:228,0
DA:229,0
DA:231,0
DA:235,0
DA:236,0
DA:244,0
DA:245,0
DA:254,0
DA:271,0
DA:272,0
LF:109
LH:32
BRDA:13,0,0,1
BRDA:13,0,1,1
BRDA:20,1,0,0
BRDA:20,1,1,1
BRDA:21,2,0,1
BRDA:21,2,1,1
BRDA:26,3,0,1
BRDA:26,3,1,0
BRDA:27,4,0,0
BRDA:27,4,1,0
BRDA:28,5,0,0
BRDA:28,5,1,1
BRDA:34,6,0,0
BRDA:34,6,1,1
BRDA:36,7,0,1
BRDA:36,7,1,0
BRDA:37,8,0,0
BRDA:37,8,1,0
BRDA:38,9,0,0
BRDA:38,9,1,1
BRDA:44,10,0,1
BRDA:44,10,1,1
BRDA:45,11,0,1
BRDA:45,11,1,1
BRDA:49,12,0,0
BRDA:49,12,1,0
BRDA:50,13,0,0
BRDA:50,13,1,0
BRDA:52,14,0,0
BRDA:52,14,1,1
BRDA:54,15,0,1
BRDA:54,15,1,0
BRDA:64,16,0,0
BRDA:64,16,1,0
BRDA:65,17,0,0
BRDA:65,17,1,0
BRDA:67,18,0,0
BRDA:67,18,1,0
BRDA:70,19,0,0
BRDA:70,19,1,0
BRDA:72,20,0,0
BRDA:72,20,1,0
BRDA:82,21,0,0
BRDA:82,21,1,0
BRDA:83,22,0,0
BRDA:83,22,1,0
BRDA:84,23,0,0
BRDA:84,23,1,0
BRDA:85,24,0,0
BRDA:85,24,1,0
BRDA:92,25,0,0
BRDA:92,25,1,0
BRDA:94,26,0,0
BRDA:94,26,1,0
BRDA:96,27,0,0
BRDA:96,27,1,0
BRDA:103,28,0,0
BRDA:103,28,1,0
BRDA:104,29,0,0
BRDA:104,29,1,0
BRDA:106,30,0,0
BRDA:106,30,1,0
BRDA:113,31,0,0
BRDA:113,31,1,0
BRDA:118,32,0,0
BRDA:118,32,1,0
BRDA:127,33,0,0
BRDA:127,33,1,0
BRDA:130,34,0,0
BRDA:130,34,1,0
BRDA:140,35,0,0
BRDA:140,35,1,0
BRDA:140,36,0,0
BRDA:140,36,1,0
BRDA:146,37,0,0
BRDA:146,37,1,0
BRDA:148,38,0,0
BRDA:148,38,1,0
BRDA:177,39,0,0
BRDA:177,39,1,0
BRDA:184,40,0,1
BRDA:184,40,1,0
BRDA:190,41,0,1
BRDA:190,41,1,0
BRDA:190,42,0,0
BRDA:190,42,1,0
BRDA:213,43,0,0
BRDA:213,43,1,0
BRDA:219,44,0,1
BRDA:219,44,1,0
BRDA:221,45,0,1
BRDA:221,45,1,0
BRDA:228,46,0,0
BRDA:228,46,1,0
BRDA:235,47,0,0
BRDA:235,47,1,0
BRDA:244,48,0,0
BRDA:244,48,1,0
BRDA:245,49,0,0
BRDA:245,49,1,0
BRDA:248,50,0,0
BRDA:248,50,1,0
BRDA:254,51,0,0
BRDA:254,51,1,0
BRF:104
BRH:20
end_of_record
TN:
SF:src\components\TaskRow.jsx
FN:10,PriorityFlag
FN:20,TaskRow
FN:38,(anonymous_2)
FN:47,(anonymous_3)
FN:59,(anonymous_4)
FN:64,(anonymous_5)
FN:65,(anonymous_6)
FN:89,(anonymous_7)
FN:95,(anonymous_8)
FN:96,(anonymous_9)
FN:99,(anonymous_10)
FNF:11
FNH:0
FNDA:0,PriorityFlag
FNDA:0,TaskRow
FNDA:0,(anonymous_2)
FNDA:0,(anonymous_3)
FNDA:0,(anonymous_4)
FNDA:0,(anonymous_5)
FNDA:0,(anonymous_6)
FNDA:0,(anonymous_7)
FNDA:0,(anonymous_8)
FNDA:0,(anonymous_9)
FNDA:0,(anonymous_10)
DA:8,1
DA:11,0
DA:12,0
DA:29,0
DA:32,0
DA:33,0
DA:38,0
DA:39,0
DA:42,0
DA:47,0
DA:59,0
DA:64,0
DA:65,0
DA:90,0
DA:95,0
DA:96,0
DA:99,0
LF:17
LH:1
BRDA:11,0,0,0
BRDA:11,0,1,0
BRDA:26,1,0,0
BRDA:27,2,0,0
BRDA:36,3,0,0
BRDA:36,3,1,0
BRDA:39,4,0,0
BRDA:39,4,1,0
BRDA:39,5,0,0
BRDA:39,5,1,0
BRDA:46,6,0,0
BRDA:46,6,1,0
BRDA:46,7,0,0
BRDA:46,7,1,0
BRDA:65,8,0,0
BRDA:65,8,1,0
BRDA:76,9,0,0
BRDA:76,9,1,0
BRDA:77,10,0,0
BRDA:77,10,1,0
BRDA:82,11,0,0
BRDA:82,11,1,0
BRDA:83,12,0,0
BRDA:83,12,1,0
BRDA:84,13,0,0
BRDA:84,13,1,0
BRDA:87,14,0,0
BRDA:87,14,1,0
BRDA:88,15,0,0
BRDA:88,15,1,0
BRF:30
BRH:0
end_of_record
TN:
SF:src\components\Toasts.jsx
FN:4,Toasts
FN:5,(anonymous_1)
FN:6,(anonymous_2)
FN:8,(anonymous_3)
FN:10,(anonymous_4)
FN:17,(anonymous_5)
FN:20,(anonymous_6)
FN:27,(anonymous_7)
FN:39,(anonymous_8)
FNF:9
FNH:4
FNDA:1,Toasts
FNDA:1,(anonymous_1)
FNDA:1,(anonymous_2)
FNDA:0,(anonymous_3)
FNDA:1,(anonymous_4)
FNDA:0,(anonymous_5)
FNDA:0,(anonymous_6)
FNDA:0,(anonymous_7)
FNDA:0,(anonymous_8)
DA:5,1
DA:6,1
DA:7,1
DA:8,1
DA:9,1
DA:10,1
DA:11,1
DA:12,1
DA:16,1
DA:17,0
DA:18,0
DA:21,0
DA:28,0
DA:29,0
DA:39,0
LF:15
LH:9
BRDA:16,0,0,1
BRDA:16,0,1,0
BRDA:19,1,0,0
BRDA:19,1,1,0
BRDA:19,2,0,0
BRDA:19,2,1,0
BRDA:23,3,0,0
BRDA:23,3,1,0
BRF:8
BRH:1
end_of_record
TN:
SF:src\components\TodoApp.jsx
FN:12,(anonymous_0)
FN:13,(anonymous_1)
FN:14,(anonymous_2)
FN:15,(anonymous_3)
FN:16,(anonymous_4)
FN:17,(anonymous_5)
FN:35,TodoApp
FN:45,(anonymous_7)
FN:56,(anonymous_8)
FN:61,(anonymous_9)
FN:62,(anonymous_10)
FN:65,(anonymous_11)
FN:65,(anonymous_12)
FN:68,(anonymous_13)
FN:71,(anonymous_14)
FN:72,(anonymous_15)
FN:73,(anonymous_16)
FN:74,(anonymous_17)
FN:75,(anonymous_18)
FN:76,(anonymous_19)
FN:84,(anonymous_20)
FN:86,(anonymous_21)
FN:87,(anonymous_22)
FN:88,(anonymous_23)
FN:91,(anonymous_24)
FN:95,(anonymous_25)
FN:98,(anonymous_26)
FN:99,(anonymous_27)
FN:100,(anonymous_28)
FN:114,(anonymous_29)
FN:120,(anonymous_30)
FN:122,(anonymous_31)
FN:123,(anonymous_32)
FN:126,(anonymous_33)
FN:128,(anonymous_34)
FN:131,(anonymous_35)
FN:133,onEsc
FN:135,(anonymous_37)
FN:138,addTask
FN:172,(anonymous_39)
FN:195,(anonymous_40)
FN:199,(anonymous_41)
FN:203,(anonymous_42)
FN:204,(anonymous_43)
FN:204,(anonymous_44)
FN:209,(anonymous_45)
FN:213,(anonymous_46)
FN:226,(anonymous_47)
FN:227,onKey
FN:230,(anonymous_49)
FN:250,(anonymous_50)
FN:256,(anonymous_51)
FN:260,(anonymous_52)
FN:266,(anonymous_53)
FN:266,(anonymous_54)
FN:278,(anonymous_55)
FN:279,(anonymous_56)
FN:283,(anonymous_57)
FN:302,(anonymous_58)
FN:303,(anonymous_59)
FN:306,(anonymous_60)
FN:308,(anonymous_61)
FN:312,(anonymous_62)
FN:318,(anonymous_63)
FN:320,(anonymous_64)
FN:321,(anonymous_65)
FN:321,(anonymous_66)
FN:328,(anonymous_67)
FN:332,(anonymous_68)
FN:333,(anonymous_69)
FN:333,(anonymous_70)
FN:334,(anonymous_71)
FN:334,(anonymous_72)
FN:337,(anonymous_73)
FN:337,(anonymous_74)
FN:338,(anonymous_75)
FN:338,(anonymous_76)
FN:361,(anonymous_77)
FN:367,require_match
FNF:79
FNH:16
FNDA:0,(anonymous_0)
FNDA:0,(anonymous_1)
FNDA:0,(anonymous_2)
FNDA:0,(anonymous_3)
FNDA:0,(anonymous_4)
FNDA:0,(anonymous_5)
FNDA:1,TodoApp
FNDA:1,(anonymous_7)
FNDA:1,(anonymous_8)
FNDA:1,(anonymous_9)
FNDA:1,(anonymous_10)
FNDA:1,(anonymous_11)
FNDA:0,(anonymous_12)
FNDA:1,(anonymous_13)
FNDA:0,(anonymous_14)
FNDA:0,(anonymous_15)
FNDA:0,(anonymous_16)
FNDA:0,(anonymous_17)
FNDA:0,(anonymous_18)
FNDA:0,(anonymous_19)
FNDA:1,(anonymous_20)
FNDA:0,(anonymous_21)
FNDA:0,(anonymous_22)
FNDA:0,(anonymous_23)
FNDA:0,(anonymous_24)
FNDA:0,(anonymous_25)
FNDA:0,(anonymous_26)
FNDA:0,(anonymous_27)
FNDA:0,(anonymous_28)
FNDA:0,(anonymous_29)
FNDA:0,(anonymous_30)
FNDA:1,(anonymous_31)
FNDA:0,(anonymous_32)
FNDA:1,(anonymous_33)
FNDA:1,(anonymous_34)
FNDA:1,(anonymous_35)
FNDA:0,onEsc
FNDA:0,(anonymous_37)
FNDA:0,addTask
FNDA:0,(anonymous_39)
FNDA:0,(anonymous_40)
FNDA:0,(anonymous_41)
FNDA:0,(anonymous_42)
FNDA:0,(anonymous_43)
FNDA:0,(anonymous_44)
FNDA:0,(anonymous_45)
FNDA:0,(anonymous_46)
FNDA:1,(anonymous_47)
FNDA:0,onKey
FNDA:0,(anonymous_49)
FNDA:1,(anonymous_50)
FNDA:0,(anonymous_51)
FNDA:0,(anonymous_52)
FNDA:0,(anonymous_53)
FNDA:0,(anonymous_54)
FNDA:0,(anonymous_55)
FNDA:0,(anonymous_56)
FNDA:0,(anonymous_57)
FNDA:0,(anonymous_58)
FNDA:0,(anonymous_59)
FNDA:0,(anonymous_60)
FNDA:0,(anonymous_61)
FNDA:0,(anonymous_62)
FNDA:0,(anonymous_63)
FNDA:7,(anonymous_64)
FNDA:0,(anonymous_65)
FNDA:0,(anonymous_66)
FNDA:0,(anonymous_67)
FNDA:0,(anonymous_68)
FNDA:0,(anonymous_69)
FNDA:4,(anonymous_70)
FNDA:0,(anonymous_71)
FNDA:0,(anonymous_72)
FNDA:0,(anonymous_73)
FNDA:0,(anonymous_74)
FNDA:0,(anonymous_75)
FNDA:0,(anonymous_76)
FNDA:0,(anonymous_77)
FNDA:0,require_match
DA:12,1
DA:13,1
DA:14,1
DA:15,1
DA:16,1
DA:17,1
DA:19,1
DA:26,1
DA:33,1
DA:36,1
DA:37,1
DA:38,1
DA:39,1
DA:40,1
DA:41,1
DA:42,1
DA:43,1
DA:44,1
DA:45,1
DA:46,1
DA:47,1
DA:48,1
DA:50,1
DA:52,1
DA:53,1
DA:56,1
DA:57,1
DA:58,1
DA:61,1
DA:62,1
DA:65,1
DA:68,1
DA:69,1
DA:70,1
DA:71,0
DA:72,0
DA:73,0
DA:74,0
DA:75,0
DA:77,0
DA:78,0
DA:84,1
DA:85,1
DA:86,1
DA:87,0
DA:88,1
DA:89,1
DA:90,0
DA:91,0
DA:93,0
DA:95,0
DA:98,1
DA:99,1
DA:100,1
DA:101,0
DA:103,0
DA:105,0
DA:107,0
DA:109,0
DA:112,1
DA:113,0
DA:114,0
DA:115,0
DA:117,1
DA:120,1
DA:122,1
DA:123,1
DA:126,1
DA:127,1
DA:128,1
DA:131,1
DA:132,1
DA:133,0
DA:134,0
DA:135,0
DA:139,0
DA:140,0
DA:141,0
DA:142,0
DA:143,0
DA:144,0
DA:145,0
DA:147,0
DA:148,0
DA:149,0
DA:150,0
DA:151,0
DA:152,0
DA:153,0
DA:155,0
DA:156,0
DA:157,0
DA:158,0
DA:159,0
DA:161,0
DA:164,0
DA:165,0
DA:166,0
DA:170,0
DA:171,0
DA:172,0
DA:173,0
DA:174,0
DA:175,0
DA:176,0
DA:177,0
DA:178,0
DA:179,0
DA:180,0
DA:182,0
DA:183,0
DA:184,0
DA:192,0
DA:195,1
DA:196,0
DA:197,0
DA:199,0
DA:203,1
DA:204,0
DA:205,0
DA:206,0
DA:207,0
DA:209,0
DA:213,1
DA:214,0
DA:217,0
DA:222,0
DA:226,1
DA:228,0
DA:229,0
DA:230,0
DA:231,0
DA:232,0
DA:233,0
DA:234,0
DA:235,0
DA:236,0
DA:238,0
DA:239,0
DA:240,0
DA:242,0
DA:243,0
DA:244,0
DA:245,0
DA:246,0
DA:249,1
DA:250,1
DA:254,1
DA:256,1
DA:258,1
DA:260,0
DA:266,0
DA:278,0
DA:281,0
DA:282,0
DA:283,0
DA:284,0
DA:285,0
DA:286,0
DA:288,0
DA:289,0
DA:290,0
DA:292,0
DA:294,0
DA:295,0
DA:297,0
DA:298,0
DA:300,0
DA:302,0
DA:304,0
DA:305,0
DA:306,0
DA:308,0
DA:312,0
DA:318,0
DA:321,7
DA:328,0
DA:332,0
DA:333,4
DA:334,0
DA:337,0
DA:338,0
DA:361,0
DA:368,0
DA:369,0
DA:370,0
DA:371,0
DA:372,0
DA:373,0
DA:374,0
LF:190
LH:63
BRDA:48,0,0,0
BRDA:48,0,1,1
BRDA:48,1,0,1
BRDA:48,1,1,1
BRDA:72,2,0,0
BRDA:72,2,1,0
BRDA:72,2,2,0
BRDA:73,3,0,0
BRDA:73,3,1,0
BRDA:73,3,2,0
BRDA:74,4,0,0
BRDA:74,4,1,0
BRDA:74,4,2,0
BRDA:75,5,0,0
BRDA:75,5,1,0
BRDA:77,6,0,0
BRDA:77,6,1,0
BRDA:77,7,0,0
BRDA:77,7,1,0
BRDA:86,8,0,1
BRDA:86,8,1,0
BRDA:87,9,0,0
BRDA:87,9,1,0
BRDA:88,10,0,0
BRDA:88,10,1,1
BRDA:89,11,0,0
BRDA:89,11,1,1
BRDA:93,12,0,0
BRDA:93,12,1,0
BRDA:93,12,2,0
BRDA:101,13,0,0
BRDA:101,13,1,0
BRDA:101,13,2,0
BRDA:101,13,3,0
BRDA:103,14,0,0
BRDA:103,14,1,0
BRDA:103,15,0,0
BRDA:103,15,1,0
BRDA:105,16,0,0
BRDA:105,16,1,0
BRDA:112,17,0,0
BRDA:112,17,1,1
BRDA:120,18,0,1
BRDA:120,18,1,1
BRDA:123,19,0,0
BRDA:123,19,1,1
BRDA:123,20,0,1
BRDA:123,20,1,0
BRDA:127,21,0,0
BRDA:127,21,1,1
BRDA:132,22,0,1
BRDA:132,22,1,0
BRDA:133,23,0,0
BRDA:133,23,1,0
BRDA:141,24,0,0
BRDA:141,24,1,0
BRDA:142,25,0,0
BRDA:142,25,1,0
BRDA:149,26,0,0
BRDA:149,26,1,0
BRDA:157,27,0,0
BRDA:157,27,1,0
BRDA:166,28,0,0
BRDA:166,28,1,0
BRDA:166,29,0,0
BRDA:166,29,1,0
BRDA:166,29,2,0
BRDA:172,30,0,0
BRDA:172,30,1,0
BRDA:174,31,0,0
BRDA:174,31,1,0
BRDA:175,32,0,0
BRDA:175,32,1,0
BRDA:177,33,0,0
BRDA:177,33,1,0
BRDA:177,34,0,0
BRDA:177,34,1,0
BRDA:178,35,0,0
BRDA:178,35,1,0
BRDA:178,36,0,0
BRDA:178,36,1,0
BRDA:179,37,0,0
BRDA:179,37,1,0
BRDA:179,38,0,0
BRDA:179,38,1,0
BRDA:182,39,0,0
BRDA:182,39,1,0
BRDA:183,40,0,0
BRDA:183,40,1,0
BRDA:190,41,0,0
BRDA:190,41,1,0
BRDA:205,42,0,0
BRDA:205,42,1,0
BRDA:215,43,0,0
BRDA:215,43,1,0
BRDA:215,44,0,0
BRDA:215,44,1,0
BRDA:215,44,2,0
BRDA:216,45,0,0
BRDA:216,45,1,0
BRDA:219,46,0,0
BRDA:219,46,1,0
BRDA:219,47,0,0
BRDA:219,47,1,0
BRDA:229,48,0,0
BRDA:229,48,1,0
BRDA:230,49,0,0
BRDA:230,49,1,0
BRDA:230,50,0,0
BRDA:230,50,1,0
BRDA:230,50,2,0
BRDA:231,51,0,0
BRDA:231,51,1,0
BRDA:231,51,2,0
BRDA:231,51,3,0
BRDA:232,52,0,0
BRDA:232,52,1,0
BRDA:233,53,0,0
BRDA:233,53,1,0
BRDA:233,54,0,0
BRDA:233,54,1,0
BRDA:233,54,2,0
BRDA:235,55,0,0
BRDA:235,55,1,0
BRDA:238,56,0,0
BRDA:238,56,1,0
BRDA:239,57,0,0
BRDA:239,57,1,0
BRDA:239,58,0,0
BRDA:239,58,1,0
BRDA:242,59,0,0
BRDA:242,59,1,0
BRDA:242,60,0,0
BRDA:242,60,1,0
BRDA:242,60,2,0
BRDA:243,61,0,0
BRDA:243,61,1,0
BRDA:244,62,0,0
BRDA:244,62,1,0
BRDA:245,63,0,0
BRDA:245,63,1,0
BRDA:254,64,0,0
BRDA:254,64,1,1
BRDA:254,65,0,0
BRDA:254,65,1,1
BRDA:254,66,0,0
BRDA:254,66,1,1
BRDA:254,67,0,0
BRDA:254,67,1,1
BRDA:254,68,0,1
BRDA:254,68,1,0
BRDA:254,69,0,0
BRDA:254,69,1,0
BRDA:259,70,0,0
BRDA:259,70,1,1
BRDA:266,71,0,0
BRDA:266,71,1,0
BRDA:267,72,0,1
BRDA:267,72,1,0
BRDA:269,73,0,1
BRDA:269,73,1,0
BRDA:281,74,0,0
BRDA:281,74,1,0
BRDA:282,75,0,0
BRDA:282,75,1,0
BRDA:285,76,0,0
BRDA:285,76,1,0
BRDA:286,77,0,0
BRDA:286,77,1,0
BRDA:288,78,0,0
BRDA:288,78,1,0
BRDA:289,79,0,0
BRDA:289,79,1,0
BRDA:289,80,0,0
BRDA:289,80,1,0
BRDA:292,81,0,0
BRDA:292,81,1,0
BRDA:295,82,0,0
BRDA:295,82,1,0
BRDA:297,83,0,0
BRDA:297,83,1,0
BRDA:297,84,0,0
BRDA:297,84,1,0
BRDA:297,84,2,0
BRDA:305,85,0,0
BRDA:305,85,1,0
BRDA:311,86,0,1
BRDA:311,86,1,0
BRDA:318,87,0,1
BRDA:318,87,1,0
BRDA:321,88,0,7
BRDA:321,88,1,7
BRDA:321,89,0,1
BRDA:321,89,1,6
BRDA:321,90,0,7
BRDA:321,90,1,7
BRDA:335,91,0,1
BRDA:335,91,1,1
BRDA:335,91,2,0
BRDA:338,92,0,0
BRDA:338,92,1,0
BRDA:343,93,0,0
BRDA:343,93,1,1
BRDA:344,94,0,0
BRDA:344,94,1,1
BRDA:344,95,0,0
BRDA:344,95,1,0
BRDA:345,96,0,0
BRDA:345,96,1,1
BRDA:346,97,0,0
BRDA:346,97,1,1
BRDA:346,98,0,0
BRDA:346,98,1,0
BRDA:347,99,0,1
BRDA:347,99,1,0
BRDA:347,100,0,1
BRDA:347,100,1,1
BRDA:349,101,0,0
BRDA:349,101,1,1
BRDA:349,102,0,1
BRDA:349,102,1,1
BRDA:351,103,0,0
BRDA:351,103,1,1
BRDA:353,104,0,0
BRDA:353,104,1,0
BRDA:353,105,0,0
BRDA:353,105,1,0
BRDA:355,106,0,0
BRDA:355,106,1,1
BRDA:357,107,0,1
BRDA:357,107,1,0
BRDA:369,108,0,0
BRDA:369,108,1,0
BRDA:369,108,2,0
BRDA:369,108,3,0
BRDA:369,108,4,0
BRDA:370,109,0,0
BRDA:370,109,1,0
BRDA:370,109,2,0
BRDA:371,110,0,0
BRDA:371,110,1,0
BRDA:371,110,2,0
BRDA:372,111,0,0
BRDA:372,111,1,0
BRDA:372,111,2,0
BRDA:373,112,0,0
BRDA:373,112,1,0
BRF:247
BRH:44
end_of_record
TN:
SF:src\hooks\useTodos.js
FN:5,useTodos
FN:10,(anonymous_1)
FN:12,(anonymous_2)
FN:15,(anonymous_3)
FN:16,(anonymous_4)
FN:19,(anonymous_5)
FN:20,(anonymous_6)
FN:24,(anonymous_7)
FN:27,(anonymous_8)
FN:33,(anonymous_9)
FN:34,(anonymous_10)
FN:43,(anonymous_11)
FNF:12
FNH:7
FNDA:1,useTodos
FNDA:1,(anonymous_1)
FNDA:1,(anonymous_2)
FNDA:0,(anonymous_3)
FNDA:0,(anonymous_4)
FNDA:1,(anonymous_5)
FNDA:0,(anonymous_6)
FNDA:0,(anonymous_7)
FNDA:1,(anonymous_8)
FNDA:1,(anonymous_9)
FNDA:0,(anonymous_10)
FNDA:1,(anonymous_11)
DA:6,1
DA:7,1
DA:8,1
DA:9,1
DA:10,1
DA:12,1
DA:13,1
DA:14,0
DA:15,0
DA:16,0
DA:19,1
DA:20,1
DA:21,0
DA:22,0
DA:24,1
DA:25,1
DA:26,1
DA:27,1
DA:28,1
DA:29,1
DA:33,1
DA:34,1
DA:35,0
DA:36,0
DA:37,0
DA:38,0
DA:42,1
DA:43,1
DA:46,1
LF:29
LH:20
BRDA:13,0,0,1
BRDA:13,0,1,0
BRDA:14,1,0,0
BRDA:14,1,1,0
BRDA:21,2,0,0
BRDA:21,2,1,0
BRDA:24,3,0,0
BRDA:24,3,1,0
BRDA:35,4,0,0
BRDA:35,4,1,0
BRDA:35,5,0,0
BRDA:35,5,1,0
BRDA:35,5,2,0
BRDA:38,6,0,0
BRDA:38,6,1,0
BRF:15
BRH:1
end_of_record
TN:
SF:src\lib\date.js
FN:6,todayKey
FN:13,parseDueDate
FN:21,humanDue
FN:38,isOverdue
FN:42,relativeUpdated
FNF:5
FNH:5
FNDA:1,todayKey
FNDA:3,parseDueDate
FNDA:3,humanDue
FNDA:1,isOverdue
FNDA:2,relativeUpdated
DA:3,2
DA:4,2
DA:7,1
DA:8,1
DA:9,1
DA:10,1
DA:14,3
DA:15,0
DA:16,0
DA:17,0
DA:18,0
DA:22,3
DA:23,0
DA:24,0
DA:25,0
DA:26,0
DA:27,0
DA:28,0
DA:29,0
DA:30,0
DA:31,0
DA:32,0
DA:33,0
DA:34,0
DA:35,0
DA:39,1
DA:43,2
DA:44,1
DA:45,1
DA:46,0
DA:47,0
DA:48,0
DA:49,0
DA:50,0
LF:34
LH:12
BRDA:6,0,0,1
BRDA:14,1,0,3
BRDA:14,1,1,0
BRDA:14,2,0,3
BRDA:14,2,1,1
BRDA:16,3,0,0
BRDA:16,3,1,0
BRDA:22,4,0,3
BRDA:22,4,1,0
BRDA:22,5,0,3
BRDA:22,5,1,1
BRDA:25,6,0,0
BRDA:25,6,1,0
BRDA:26,7,0,0
BRDA:26,7,1,0
BRDA:29,8,0,0
BRDA:29,8,1,0
BRDA:33,9,0,0
BRDA:33,9,1,0
BRDA:34,10,0,0
BRDA:34,10,1,0
BRDA:39,11,0,1
BRDA:39,11,1,1
BRDA:39,11,2,0
BRDA:39,11,3,0
BRDA:43,12,0,1
BRDA:43,12,1,1
BRDA:45,13,0,1
BRDA:45,13,1,0
BRDA:46,14,0,0
BRDA:46,14,1,0
BRDA:47,15,0,0
BRDA:47,15,1,0
BRDA:48,16,0,0
BRDA:48,16,1,0
BRDA:50,17,0,0
BRDA:50,17,1,0
BRF:37
BRH:12
end_of_record
TN:
SF:src\lib\id.js
FN:1,(anonymous_0)
FN:6,(anonymous_1)
FNF:2
FNH:1
FNDA:140,(anonymous_0)
FNDA:0,(anonymous_1)
DA:1,4
DA:2,140
DA:3,140
DA:4,0
DA:5,0
DA:6,0
DA:9,0
LF:7
LH:3
BRDA:3,0,0,140
BRDA:3,0,1,0
BRDA:3,1,0,140
BRDA:3,1,1,140
BRDA:4,2,0,0
BRDA:4,2,1,0
BRDA:4,3,0,0
BRDA:4,3,1,0
BRF:8
BRH:3
end_of_record
TN:
SF:src\lib\markdown.js
FN:6,sanitize
FN:21,(anonymous_1)
FN:30,renderMarkdown
FN:40,sanitizeLine
FN:44,exportTaskMarkdown
FN:53,(anonymous_5)
FNF:6
FNH:4
FNDA:2,sanitize
FNDA:0,(anonymous_1)
FNDA:2,renderMarkdown
FNDA:2,sanitizeLine
FNDA:1,exportTaskMarkdown
FNDA:0,(anonymous_5)
DA:4,2
DA:7,2
DA:8,0
DA:10,2
DA:11,2
DA:14,0
DA:15,0
DA:16,0
DA:17,0
DA:18,0
DA:19,0
DA:20,0
DA:21,0
DA:22,0
DA:23,0
DA:25,0
DA:26,0
DA:31,2
DA:32,2
DA:33,2
DA:35,0
DA:37,2
DA:41,2
DA:45,1
DA:46,1
DA:47,1
DA:48,1
DA:49,1
DA:50,1
DA:51,1
DA:52,1
DA:53,1
DA:54,1
DA:55,1
DA:56,1
DA:57,0
DA:58,0
DA:60,1
DA:61,0
DA:62,0
DA:63,0
DA:65,1
DA:66,1
LF:43
LH:24
BRDA:7,0,0,0
BRDA:7,0,1,2
BRDA:7,1,0,2
BRDA:7,1,1,2
BRDA:22,2,0,0
BRDA:22,2,1,0
BRDA:33,3,0,2
BRDA:33,3,1,0
BRDA:35,4,0,0
BRDA:35,4,1,0
BRDA:50,5,0,0
BRDA:50,5,1,1
BRDA:52,6,0,0
BRDA:52,6,1,1
BRDA:53,7,0,0
BRDA:53,7,1,1
BRDA:56,8,0,0
BRDA:56,8,1,1
BRDA:60,9,0,0
BRDA:60,9,1,1
BRDA:62,10,0,0
BRDA:62,10,1,0
BRF:22
BRH:9
end_of_record
TN:
SF:src\lib\storage.js
FN:7,(anonymous_0)
FN:10,(anonymous_1)
FN:21,isValidDateStr
FN:27,normalizeProject
FN:35,normalizeFilter
FN:49,migrateLegacy
FN:55,(anonymous_6)
FN:55,(anonymous_7)
FN:75,normalizeHabit
FN:87,normalizeDoc
FN:99,normalizeGoal
FN:112,loadData
FN:120,(anonymous_12)
FN:126,(anonymous_13)
FN:130,(anonymous_14)
FN:130,(anonymous_15)
FN:144,(anonymous_16)
FN:168,normalizeTask
FN:183,(anonymous_18)
FN:187,(anonymous_19)
FN:187,(anonymous_20)
FN:195,saveData
FNF:22
FNH:5
FNDA:21,(anonymous_0)
FNDA:21,(anonymous_1)
FNDA:0,isValidDateStr
FNDA:0,normalizeProject
FNDA:0,normalizeFilter
FNDA:0,migrateLegacy
FNDA:0,(anonymous_6)
FNDA:0,(anonymous_7)
FNDA:0,normalizeHabit
FNDA:0,normalizeDoc
FNDA:0,normalizeGoal
FNDA:21,loadData
FNDA:0,(anonymous_12)
FNDA:0,(anonymous_13)
FNDA:0,(anonymous_14)
FNDA:0,(anonymous_15)
FNDA:0,(anonymous_16)
FNDA:128,normalizeTask
FNDA:3,(anonymous_18)
FNDA:0,(anonymous_19)
FNDA:0,(anonymous_20)
FNDA:0,saveData
DA:3,4
DA:4,4
DA:5,4
DA:7,21
DA:8,4
DA:10,21
DA:22,0
DA:23,0
DA:24,0
DA:25,0
DA:28,0
DA:29,0
DA:30,0
DA:31,0
DA:32,0
DA:36,0
DA:37,0
DA:38,0
DA:39,0
DA:50,0
DA:51,0
DA:52,0
DA:53,0
DA:55,0
DA:71,0
DA:76,0
DA:77,0
DA:78,0
DA:79,0
DA:88,0
DA:89,0
DA:90,0
DA:100,0
DA:101,0
DA:102,0
DA:103,0
DA:113,21
DA:114,21
DA:115,21
DA:116,0
DA:117,0
DA:118,0
DA:119,0
DA:120,0
DA:121,0
DA:126,0
DA:130,0
DA:138,21
DA:139,21
DA:140,21
DA:141,0
DA:142,0
DA:143,0
DA:144,0
DA:145,0
DA:156,21
DA:157,21
DA:158,21
DA:159,0
DA:160,0
DA:165,21
DA:169,128
DA:170,128
DA:171,128
DA:172,128
DA:173,128
DA:174,128
DA:183,3
DA:187,0
DA:194,4
DA:196,0
DA:197,0
DA:198,0
DA:200,0
DA:201,0
DA:202,0
DA:203,0
DA:205,0
DA:206,0
DA:207,0
DA:208,0
LF:81
LH:24
BRDA:22,0,0,0
BRDA:22,0,1,0
BRDA:25,1,0,0
BRDA:25,1,1,0
BRDA:25,1,2,0
BRDA:28,2,0,0
BRDA:28,2,1,0
BRDA:28,3,0,0
BRDA:28,3,1,0
BRDA:29,4,0,0
BRDA:29,4,1,0
BRDA:29,5,0,0
BRDA:29,5,1,0
BRDA:30,6,0,0
BRDA:30,6,1,0
BRDA:31,7,0,0
BRDA:31,7,1,0
BRDA:32,8,0,0
BRDA:32,8,1,0
BRDA:36,9,0,0
BRDA:36,9,1,0
BRDA:36,10,0,0
BRDA:36,10,1,0
BRDA:37,11,0,0
BRDA:37,11,1,0
BRDA:37,12,0,0
BRDA:37,12,1,0
BRDA:40,13,0,0
BRDA:40,13,1,0
BRDA:41,14,0,0
BRDA:41,14,1,0
BRDA:41,15,0,0
BRDA:41,15,1,0
BRDA:42,16,0,0
BRDA:42,16,1,0
BRDA:43,17,0,0
BRDA:43,17,1,0
BRDA:44,18,0,0
BRDA:44,18,1,0
BRDA:45,19,0,0
BRDA:45,19,1,0
BRDA:52,20,0,0
BRDA:52,20,1,0
BRDA:55,21,0,0
BRDA:55,21,1,0
BRDA:56,22,0,0
BRDA:56,22,1,0
BRDA:57,23,0,0
BRDA:57,23,1,0
BRDA:57,24,0,0
BRDA:57,24,1,0
BRDA:60,25,0,0
BRDA:60,25,1,0
BRDA:61,26,0,0
BRDA:61,26,1,0
BRDA:61,27,0,0
BRDA:61,27,1,0
BRDA:66,28,0,0
BRDA:66,28,1,0
BRDA:76,29,0,0
BRDA:76,29,1,0
BRDA:76,30,0,0
BRDA:76,30,1,0
BRDA:77,31,0,0
BRDA:77,31,1,0
BRDA:78,32,0,0
BRDA:78,32,1,0
BRDA:80,33,0,0
BRDA:80,33,1,0
BRDA:82,34,0,0
BRDA:82,34,1,0
BRDA:83,35,0,0
BRDA:83,35,1,0
BRDA:83,36,0,0
BRDA:83,36,1,0
BRDA:84,37,0,0
BRDA:84,37,1,0
BRDA:88,38,0,0
BRDA:88,38,1,0
BRDA:88,39,0,0
BRDA:88,39,1,0
BRDA:89,40,0,0
BRDA:89,40,1,0
BRDA:89,41,0,0
BRDA:89,41,1,0
BRDA:91,42,0,0
BRDA:91,42,1,0
BRDA:93,43,0,0
BRDA:93,43,1,0
BRDA:94,44,0,0
BRDA:94,44,1,0
BRDA:95,45,0,0
BRDA:95,45,1,0
BRDA:96,46,0,0
BRDA:96,46,1,0
BRDA:100,47,0,0
BRDA:100,47,1,0
BRDA:100,48,0,0
BRDA:100,48,1,0
BRDA:101,49,0,0
BRDA:101,49,1,0
BRDA:102,50,0,0
BRDA:102,50,1,0
BRDA:104,51,0,0
BRDA:104,51,1,0
BRDA:106,52,0,0
BRDA:106,52,1,0
BRDA:107,53,0,0
BRDA:107,53,1,0
BRDA:107,54,0,0
BRDA:107,54,1,0
BRDA:108,55,0,0
BRDA:108,55,1,0
BRDA:115,56,0,0
BRDA:115,56,1,21
BRDA:117,57,0,0
BRDA:117,57,1,0
BRDA:117,58,0,0
BRDA:117,58,1,0
BRDA:117,58,2,0
BRDA:117,58,3,0
BRDA:124,59,0,0
BRDA:124,59,1,0
BRDA:125,60,0,0
BRDA:125,60,1,0
BRDA:126,61,0,0
BRDA:126,61,1,0
BRDA:127,62,0,0
BRDA:127,62,1,0
BRDA:128,63,0,0
BRDA:128,63,1,0
BRDA:129,64,0,0
BRDA:129,64,1,0
BRDA:130,65,0,0
BRDA:130,65,1,0
BRDA:130,66,0,0
BRDA:130,66,1,0
BRDA:130,66,2,0
BRDA:130,67,0,0
BRDA:130,67,1,0
BRDA:130,68,0,0
BRDA:130,68,1,0
BRDA:140,69,0,0
BRDA:140,69,1,21
BRDA:142,70,0,0
BRDA:142,70,1,0
BRDA:142,71,0,0
BRDA:142,71,1,0
BRDA:143,72,0,0
BRDA:143,72,1,0
BRDA:149,73,0,0
BRDA:149,73,1,0
BRDA:150,74,0,0
BRDA:150,74,1,0
BRDA:158,75,0,0
BRDA:158,75,1,21
BRDA:160,76,0,0
BRDA:160,76,1,0
BRDA:169,77,0,0
BRDA:169,77,1,128
BRDA:169,78,0,128
BRDA:169,78,1,128
BRDA:170,79,0,0
BRDA:170,79,1,128
BRDA:170,80,0,128
BRDA:170,80,1,128
BRDA:173,81,0,0
BRDA:173,81,1,128
BRDA:173,82,0,128
BRDA:173,82,1,1
BRDA:173,82,2,0
BRDA:175,83,0,126
BRDA:175,83,1,2
BRDA:176,84,0,128
BRDA:176,84,1,0
BRDA:176,85,0,128
BRDA:176,85,1,0
BRDA:177,86,0,0
BRDA:177,86,1,128
BRDA:179,87,0,126
BRDA:179,87,1,2
BRDA:180,88,0,0
BRDA:180,88,1,128
BRDA:180,89,0,126
BRDA:180,89,1,2
BRDA:182,90,0,127
BRDA:182,90,1,1
BRDA:183,91,0,127
BRDA:183,91,1,1
BRDA:184,92,0,126
BRDA:184,92,1,2
BRDA:185,93,0,0
BRDA:185,93,1,128
BRDA:185,94,0,0
BRDA:185,94,1,128
BRDA:186,95,0,0
BRDA:186,95,1,128
BRDA:187,96,0,0
BRDA:187,96,1,0
BRDA:187,97,0,0
BRDA:187,97,1,0
BRDA:187,98,0,0
BRDA:187,98,1,0
BRDA:189,99,0,126
BRDA:189,99,1,2
BRDA:190,100,0,0
BRDA:190,100,1,128
BRDA:200,101,0,0
BRDA:200,101,1,0
BRDA:200,101,2,0
BRDA:200,101,3,0
BRDA:201,102,0,0
BRDA:201,102,1,0
BRDA:201,103,0,0
BRDA:201,103,1,0
BRDA:205,104,0,0
BRDA:205,104,1,0
BRDA:205,105,0,0
BRDA:205,105,1,0
BRDA:205,105,2,0
BRDA:205,105,3,0
BRF:221
BRH:34
end_of_record
TN:
SF:src\lib\toast.js
FN:7,getToasts
FN:11,subscribeToasts
FN:13,(anonymous_2)
FN:16,notify
FN:22,dismissToast
FN:23,(anonymous_5)
FN:27,(anonymous_6)
FN:31,toast
FN:34,(anonymous_8)
FN:39,(anonymous_9)
FNF:10
FNH:9
FNDA:8,getToasts
FNDA:1,subscribeToasts
FNDA:1,(anonymous_2)
FNDA:12,notify
FNDA:6,dismissToast
FNDA:5,(anonymous_5)
FNDA:11,(anonymous_6)
FNDA:8,toast
FNDA:15,(anonymous_8)
FNDA:0,(anonymous_9)
DA:3,2
DA:4,2
DA:5,2
DA:8,8
DA:12,1
DA:13,1
DA:17,12
DA:18,0
DA:23,6
DA:24,6
DA:25,5
DA:26,5
DA:27,11
DA:28,5
DA:32,8
DA:33,8
DA:34,15
DA:35,7
DA:36,7
DA:37,7
DA:38,8
DA:39,8
DA:40,8
DA:41,8
LF:24
LH:23
BRDA:24,0,0,1
BRDA:24,0,1,5
BRDA:26,1,0,5
BRDA:26,1,1,0
BRDA:31,2,0,8
BRDA:32,3,0,0
BRDA:32,3,1,8
BRDA:34,4,0,1
BRDA:34,4,1,7
BRDA:34,5,0,15
BRDA:34,5,1,1
BRDA:37,6,0,2
BRDA:37,6,1,5
BRF:13
BRH:11
end_of_record
TN:
SF:src\state\reducer.js
FN:9,isValidDateStr
FN:11,(anonymous_1)
FN:17,commit
FN:27,updateTask
FN:29,(anonymous_4)
FN:42,patchTask
FN:43,(anonymous_6)
FN:46,reducer
FN:55,(anonymous_8)
FN:101,(anonymous_9)
FN:117,(anonymous_10)
FN:128,(anonymous_11)
FN:134,(anonymous_12)
FN:138,(anonymous_13)
FN:146,(anonymous_14)
FN:147,(anonymous_15)
FN:160,(anonymous_16)
FN:161,(anonymous_17)
FN:163,(anonymous_18)
FN:175,(anonymous_19)
FN:183,(anonymous_20)
FN:185,(anonymous_21)
FN:195,(anonymous_22)
FN:197,(anonymous_23)
FN:205,(anonymous_24)
FN:207,(anonymous_25)
FN:215,(anonymous_26)
FN:223,(anonymous_27)
FN:224,(anonymous_28)
FN:227,(anonymous_29)
FN:234,(anonymous_30)
FN:237,(anonymous_31)
FN:238,(anonymous_32)
FN:239,(anonymous_33)
FN:242,(anonymous_34)
FN:243,(anonymous_35)
FN:243,(anonymous_36)
FN:255,(anonymous_37)
FN:259,(anonymous_38)
FN:265,(anonymous_39)
FN:269,(anonymous_40)
FN:275,(anonymous_41)
FN:282,(anonymous_42)
FN:284,(anonymous_43)
FN:293,(anonymous_44)
FN:294,(anonymous_45)
FN:308,(anonymous_46)
FN:309,(anonymous_47)
FN:313,(anonymous_48)
FN:314,(anonymous_49)
FN:323,(anonymous_50)
FN:324,(anonymous_51)
FNF:52
FNH:24
FNDA:126,isValidDateStr
FNDA:21,(anonymous_1)
FNDA:139,commit
FNDA:7,updateTask
FNDA:6,(anonymous_4)
FNDA:4,patchTask
FNDA:3,(anonymous_6)
FNDA:151,reducer
FNDA:0,(anonymous_8)
FNDA:3,(anonymous_9)
FNDA:0,(anonymous_10)
FNDA:0,(anonymous_11)
FNDA:1,(anonymous_12)
FNDA:1,(anonymous_13)
FNDA:2,(anonymous_14)
FNDA:1,(anonymous_15)
FNDA:0,(anonymous_16)
FNDA:0,(anonymous_17)
FNDA:0,(anonymous_18)
FNDA:1,(anonymous_19)
FNDA:1,(anonymous_20)
FNDA:1,(anonymous_21)
FNDA:0,(anonymous_22)
FNDA:0,(anonymous_23)
FNDA:1,(anonymous_24)
FNDA:1,(anonymous_25)
FNDA:4,(anonymous_26)
FNDA:0,(anonymous_27)
FNDA:0,(anonymous_28)
FNDA:0,(anonymous_29)
FNDA:2,(anonymous_30)
FNDA:2,(anonymous_31)
FNDA:0,(anonymous_32)
FNDA:1,(anonymous_33)
FNDA:0,(anonymous_34)
FNDA:0,(anonymous_35)
FNDA:0,(anonymous_36)
FNDA:0,(anonymous_37)
FNDA:0,(anonymous_38)
FNDA:2,(anonymous_39)
FNDA:2,(anonymous_40)
FNDA:0,(anonymous_41)
FNDA:0,(anonymous_42)
FNDA:0,(anonymous_43)
FNDA:0,(anonymous_44)
FNDA:0,(anonymous_45)
FNDA:0,(anonymous_46)
FNDA:0,(anonymous_47)
FNDA:0,(anonymous_48)
FNDA:0,(anonymous_49)
FNDA:0,(anonymous_50)
FNDA:0,(anonymous_51)
DA:4,3
DA:5,3
DA:6,3
DA:7,3
DA:8,3
DA:9,126
DA:11,21
DA:18,139
DA:19,139
DA:20,139
DA:28,7
DA:29,7
DA:30,6
DA:31,6
DA:32,6
DA:33,6
DA:34,6
DA:36,0
DA:38,7
DA:39,6
DA:43,4
DA:47,151
DA:49,127
DA:50,127
DA:51,126
DA:52,127
DA:53,127
DA:54,127
DA:55,127
DA:56,127
DA:57,127
DA:58,127
DA:59,127
DA:70,127
DA:71,127
DA:74,2
DA:75,2
DA:76,2
DA:77,2
DA:78,2
DA:79,1
DA:81,1
DA:82,0
DA:83,0
DA:85,1
DA:86,0
DA:87,0
DA:88,0
DA:89,0
DA:91,1
DA:92,0
DA:93,0
DA:94,0
DA:96,1
DA:97,1
DA:98,0
DA:101,3
DA:102,3
DA:103,3
DA:104,3
DA:108,3
DA:109,0
DA:110,0
DA:111,0
DA:112,0
DA:113,0
DA:114,0
DA:115,0
DA:116,0
DA:117,0
DA:118,0
DA:119,0
DA:124,3
DA:127,1
DA:128,0
DA:129,0
DA:130,0
DA:131,0
DA:134,1
DA:135,1
DA:136,1
DA:138,1
DA:140,1
DA:143,1
DA:144,1
DA:145,1
DA:146,2
DA:147,1
DA:148,1
DA:149,1
DA:150,1
DA:151,1
DA:154,1
DA:155,1
DA:156,1
DA:157,2
DA:158,1
DA:160,0
DA:161,0
DA:162,0
DA:163,0
DA:164,0
DA:165,0
DA:166,0
DA:167,0
DA:168,0
DA:170,0
DA:173,1
DA:174,1
DA:175,1
DA:179,1
DA:180,1
DA:183,1
DA:186,1
DA:189,1
DA:190,1
DA:193,0
DA:194,0
DA:195,0
DA:198,0
DA:201,0
DA:202,0
DA:205,1
DA:207,1
DA:209,1
DA:210,1
DA:213,3
DA:214,3
DA:215,4
DA:216,2
DA:217,2
DA:220,1
DA:221,0
DA:222,1
DA:223,0
DA:224,0
DA:225,0
DA:228,0
DA:233,2
DA:234,2
DA:235,1
DA:237,2
DA:238,0
DA:240,1
DA:242,0
DA:243,0
DA:247,1
DA:248,1
DA:249,1
DA:250,1
DA:251,1
DA:252,1
DA:255,0
DA:256,0
DA:257,0
DA:259,0
DA:263,2
DA:264,1
DA:265,2
DA:266,1
DA:267,1
DA:269,2
DA:273,0
DA:274,0
DA:275,0
DA:276,0
DA:277,0
DA:280,0
DA:281,0
DA:282,0
DA:283,0
DA:284,0
DA:285,0
DA:286,0
DA:287,0
DA:288,0
DA:290,0
DA:293,0
DA:294,0
DA:297,0
DA:298,0
DA:299,0
DA:302,0
DA:303,0
DA:304,0
DA:305,0
DA:306,0
DA:307,0
DA:308,0
DA:309,0
DA:310,0
DA:313,0
DA:314,0
DA:317,0
DA:318,0
DA:319,0
DA:320,0
DA:323,0
DA:324,0
DA:327,0
DA:328,0
DA:329,0
DA:330,0
DA:331,0
DA:332,0
DA:333,0
DA:334,0
DA:335,0
DA:336,0
DA:339,2
DA:340,1
DA:341,1
DA:342,1
DA:343,2
DA:350,1
DA:351,1
DA:352,1
DA:353,1
DA:354,1
DA:361,0
DA:362,0
DA:363,0
DA:364,0
DA:365,0
DA:366,0
DA:367,0
DA:369,0
DA:370,0
DA:371,0
DA:372,0
DA:373,0
DA:375,0
DA:376,0
DA:377,0
DA:378,0
DA:379,0
DA:380,0
DA:382,0
DA:386,0
LF:239
LH:118
BRDA:9,0,0,126
BRDA:9,0,1,0
BRDA:9,1,0,0
BRDA:9,1,1,0
BRDA:9,1,2,0
BRDA:19,2,0,80
BRDA:19,2,1,59
BRDA:30,3,0,0
BRDA:30,3,1,6
BRDA:32,4,0,6
BRDA:32,4,1,0
BRDA:33,5,0,6
BRDA:33,5,1,0
BRDA:33,6,0,6
BRDA:33,6,1,6
BRDA:38,7,0,1
BRDA:38,7,1,6
BRDA:47,8,0,127
BRDA:47,8,1,2
BRDA:47,8,2,3
BRDA:47,8,3,1
BRDA:47,8,4,1
BRDA:47,8,5,1
BRDA:47,8,6,1
BRDA:47,8,7,1
BRDA:47,8,8,1
BRDA:47,8,9,0
BRDA:47,8,10,1
BRDA:47,8,11,3
BRDA:47,8,12,1
BRDA:47,8,13,2
BRDA:47,8,14,1
BRDA:47,8,15,0
BRDA:47,8,16,2
BRDA:47,8,17,0
BRDA:47,8,18,0
BRDA:47,8,19,0
BRDA:47,8,20,0
BRDA:47,8,21,0
BRDA:47,8,22,0
BRDA:47,8,23,0
BRDA:47,8,24,0
BRDA:47,8,25,0
BRDA:47,8,26,2
BRDA:47,8,27,1
BRDA:47,8,28,0
BRDA:47,8,29,0
BRDA:49,9,0,127
BRDA:49,9,1,0
BRDA:50,10,0,1
BRDA:50,10,1,126
BRDA:51,11,0,126
BRDA:51,11,1,126
BRDA:52,12,0,0
BRDA:52,12,1,126
BRDA:53,13,0,1
BRDA:53,13,1,125
BRDA:54,14,0,0
BRDA:54,14,1,126
BRDA:57,15,0,0
BRDA:57,15,1,126
BRDA:58,16,0,0
BRDA:58,16,1,126
BRDA:63,17,0,127
BRDA:63,17,1,125
BRDA:74,18,0,0
BRDA:74,18,1,2
BRDA:74,19,0,2
BRDA:74,19,1,2
BRDA:74,19,2,2
BRDA:76,20,0,2
BRDA:76,20,1,0
BRDA:77,21,0,2
BRDA:77,21,1,0
BRDA:78,22,0,1
BRDA:78,22,1,1
BRDA:81,23,0,0
BRDA:81,23,1,1
BRDA:83,24,0,0
BRDA:83,24,1,0
BRDA:85,25,0,0
BRDA:85,25,1,1
BRDA:87,26,0,0
BRDA:87,26,1,0
BRDA:88,27,0,0
BRDA:88,27,1,0
BRDA:88,28,0,0
BRDA:88,28,1,0
BRDA:89,29,0,0
BRDA:89,29,1,0
BRDA:91,30,0,0
BRDA:91,30,1,1
BRDA:94,31,0,0
BRDA:94,31,1,0
BRDA:97,32,0,1
BRDA:97,32,1,0
BRDA:102,33,0,0
BRDA:102,33,1,3
BRDA:106,34,0,2
BRDA:106,34,1,1
BRDA:108,35,0,0
BRDA:108,35,1,3
BRDA:108,36,0,3
BRDA:108,36,1,2
BRDA:108,36,2,0
BRDA:108,36,3,0
BRDA:112,37,0,0
BRDA:112,37,1,0
BRDA:113,38,0,0
BRDA:113,38,1,0
BRDA:114,39,0,0
BRDA:114,39,1,0
BRDA:117,40,0,0
BRDA:117,40,1,0
BRDA:117,41,0,0
BRDA:117,41,1,0
BRDA:117,41,2,0
BRDA:127,42,0,1
BRDA:127,42,1,0
BRDA:129,43,0,0
BRDA:129,43,1,0
BRDA:135,44,0,0
BRDA:135,44,1,1
BRDA:144,45,0,0
BRDA:144,45,1,1
BRDA:148,46,0,0
BRDA:148,46,1,1
BRDA:148,47,0,1
BRDA:148,47,1,1
BRDA:154,48,0,0
BRDA:154,48,1,1
BRDA:157,49,0,1
BRDA:157,49,1,1
BRDA:162,50,0,0
BRDA:162,50,1,0
BRDA:167,51,0,0
BRDA:167,51,1,0
BRDA:173,52,0,1
BRDA:173,52,1,0
BRDA:174,53,0,0
BRDA:174,53,1,1
BRDA:177,54,0,1
BRDA:177,54,1,0
BRDA:179,55,0,0
BRDA:179,55,1,1
BRDA:186,56,0,1
BRDA:186,56,1,0
BRDA:189,57,0,0
BRDA:189,57,1,1
BRDA:193,58,0,0
BRDA:193,58,1,0
BRDA:194,59,0,0
BRDA:194,59,1,0
BRDA:198,60,0,0
BRDA:198,60,1,0
BRDA:201,61,0,0
BRDA:201,61,1,0
BRDA:209,62,0,0
BRDA:209,62,1,1
BRDA:213,63,0,3
BRDA:213,63,1,0
BRDA:214,64,0,0
BRDA:214,64,1,3
BRDA:215,65,0,1
BRDA:215,65,1,2
BRDA:220,66,0,1
BRDA:220,66,1,0
BRDA:221,67,0,0
BRDA:221,67,1,0
BRDA:222,68,0,0
BRDA:222,68,1,1
BRDA:223,69,0,0
BRDA:223,69,1,0
BRDA:224,70,0,0
BRDA:224,70,1,0
BRDA:224,71,0,0
BRDA:224,71,1,0
BRDA:228,72,0,0
BRDA:228,72,1,0
BRDA:233,73,0,1
BRDA:233,73,1,1
BRDA:234,74,0,0
BRDA:234,74,1,1
BRDA:240,75,0,1
BRDA:240,75,1,0
BRDA:242,76,0,1
BRDA:242,76,1,0
BRDA:242,77,0,0
BRDA:242,77,1,0
BRDA:243,78,0,2
BRDA:243,78,1,0
BRDA:243,79,0,0
BRDA:243,79,1,0
BRDA:247,80,0,0
BRDA:247,80,1,1
BRDA:247,81,0,1
BRDA:247,81,1,1
BRDA:248,82,0,0
BRDA:248,82,1,1
BRDA:250,83,0,1
BRDA:250,83,1,0
BRDA:250,84,0,1
BRDA:250,84,1,1
BRDA:250,84,2,0
BRDA:251,85,0,1
BRDA:251,85,1,0
BRDA:251,86,0,0
BRDA:251,86,1,1
BRDA:251,87,0,0
BRDA:251,87,1,1
BRDA:251,88,0,0
BRDA:251,88,1,1
BRDA:256,89,0,0
BRDA:256,89,1,0
BRDA:263,90,0,1
BRDA:263,90,1,1
BRDA:263,91,0,2
BRDA:263,91,1,1
BRDA:265,92,0,2
BRDA:265,92,1,1
BRDA:266,93,0,0
BRDA:266,93,1,1
BRDA:269,94,0,2
BRDA:269,94,1,1
BRDA:273,95,0,0
BRDA:273,95,1,0
BRDA:274,96,0,0
BRDA:274,96,1,0
BRDA:275,97,0,0
BRDA:275,97,1,0
BRDA:276,98,0,0
BRDA:276,98,1,0
BRDA:277,99,0,0
BRDA:277,99,1,0
BRDA:281,100,0,0
BRDA:281,100,1,0
BRDA:281,101,0,0
BRDA:281,101,1,0
BRDA:281,101,2,0
BRDA:281,101,3,0
BRDA:282,102,0,0
BRDA:282,102,1,0
BRDA:283,103,0,0
BRDA:283,103,1,0
BRDA:284,104,0,0
BRDA:284,104,1,0
BRDA:285,105,0,0
BRDA:285,105,1,0
BRDA:286,106,0,0
BRDA:286,106,1,0
BRDA:287,107,0,0
BRDA:287,107,1,0
BRDA:293,108,0,0
BRDA:293,108,1,0
BRDA:293,109,0,0
BRDA:293,109,1,0
BRDA:294,110,0,0
BRDA:294,110,1,0
BRDA:297,111,0,0
BRDA:297,111,1,0
BRDA:297,112,0,0
BRDA:297,112,1,0
BRDA:298,113,0,0
BRDA:298,113,1,0
BRDA:298,114,0,0
BRDA:298,114,1,0
BRDA:299,115,0,0
BRDA:299,115,1,0
BRDA:302,116,0,0
BRDA:302,116,1,0
BRDA:302,117,0,0
BRDA:302,117,1,0
BRDA:302,117,2,0
BRDA:303,118,0,0
BRDA:303,118,1,0
BRDA:303,119,0,0
BRDA:303,119,1,0
BRDA:303,119,2,0
BRDA:305,120,0,0
BRDA:305,120,1,0
BRDA:306,121,0,0
BRDA:306,121,1,0
BRDA:307,122,0,0
BRDA:307,122,1,0
BRDA:308,123,0,0
BRDA:308,123,1,0
BRDA:308,124,0,0
BRDA:308,124,1,0
BRDA:309,125,0,0
BRDA:309,125,1,0
BRDA:313,126,0,0
BRDA:313,126,1,0
BRDA:313,127,0,0
BRDA:313,127,1,0
BRDA:314,128,0,0
BRDA:314,128,1,0
BRDA:317,129,0,0
BRDA:317,129,1,0
BRDA:318,130,0,0
BRDA:318,130,1,0
BRDA:319,131,0,0
BRDA:319,131,1,0
BRDA:319,132,0,0
BRDA:319,132,1,0
BRDA:319,133,0,0
BRDA:319,133,1,0
BRDA:320,134,0,0
BRDA:320,134,1,0
BRDA:323,135,0,0
BRDA:323,135,1,0
BRDA:323,136,0,0
BRDA:323,136,1,0
BRDA:324,137,0,0
BRDA:324,137,1,0
BRDA:328,138,0,0
BRDA:328,138,1,0
BRDA:328,139,0,0
BRDA:328,139,1,0
BRDA:330,140,0,0
BRDA:330,140,1,0
BRDA:333,141,0,0
BRDA:333,141,1,0
BRDA:335,142,0,0
BRDA:335,142,1,0
BRDA:335,143,0,0
BRDA:335,143,1,0
BRDA:339,144,0,1
BRDA:339,144,1,1
BRDA:342,145,0,0
BRDA:342,145,1,1
BRDA:350,146,0,0
BRDA:350,146,1,1
BRDA:353,147,0,0
BRDA:353,147,1,1
BRDA:361,148,0,0
BRDA:361,148,1,0
BRDA:361,149,0,0
BRDA:361,149,1,0
BRDA:362,150,0,0
BRDA:362,150,1,0
BRDA:362,151,0,0
BRDA:362,151,1,0
BRDA:364,152,0,0
BRDA:364,152,1,0
BRDA:364,153,0,0
BRDA:364,153,1,0
BRDA:365,154,0,0
BRDA:365,154,1,0
BRDA:373,155,0,0
BRDA:373,155,1,0
BRDA:375,156,0,0
BRDA:375,156,1,0
BRDA:375,157,0,0
BRDA:375,157,1,0
BRDA:379,158,0,0
BRDA:379,158,1,0
BRF:356
BRH:111
end_of_record
